{"level":"error","message":"Error booking consultation: No verified providers available","timestamp":"2025-03-30T16:44:35.003Z"}
{"level":"error","message":"Error in booking consultation: No verified providers available","timestamp":"2025-03-30T16:44:35.003Z"}
{"level":"error","message":"Error sending reminders: res is not defined","timestamp":"2025-03-30T16:59:59.046Z"}
{"level":"error","message":"Error in sending consultation reminders: res is not defined","timestamp":"2025-03-30T16:59:59.048Z"}
{"level":"error","message":"Error in createBilling: column \"taxonomy\" does not exist","timestamp":"2025-04-01T06:37:05.561Z"}
{"level":"error","message":"Billing creation failed: column \"taxonomy\" does not exist","timestamp":"2025-04-01T06:37:05.562Z"}
{"level":"error","message":"Error in createBilling: column \"taxonomy\" does not exist","timestamp":"2025-04-01T06:41:21.835Z"}
{"level":"error","message":"Billing creation failed: column \"taxonomy\" does not exist","timestamp":"2025-04-01T06:41:21.836Z"}
{"level":"error","message":"Error in createBilling: column \"taxonomy\" does not exist","timestamp":"2025-04-01T06:41:23.251Z"}
{"level":"error","message":"Billing creation failed: column \"taxonomy\" does not exist","timestamp":"2025-04-01T06:41:23.252Z"}
{"level":"error","message":"Error in createBilling: column \"taxonomy\" does not exist","timestamp":"2025-04-01T06:42:08.995Z"}
{"level":"error","message":"Billing creation failed: column \"taxonomy\" does not exist","timestamp":"2025-04-01T06:42:08.995Z"}
{"level":"error","message":"Error in createBilling: column \"taxonomy\" does not exist","timestamp":"2025-04-01T06:42:38.889Z"}
{"level":"error","message":"Billing creation failed: column \"taxonomy\" does not exist","timestamp":"2025-04-01T06:42:38.889Z"}
{"level":"error","message":"Error in createBilling: column \"taxonomy\" does not exist","timestamp":"2025-04-01T06:42:39.733Z"}
{"level":"error","message":"Billing creation failed: column \"taxonomy\" does not exist","timestamp":"2025-04-01T06:42:39.733Z"}
{"level":"error","message":"Error in updateBilling: column \"taxonomy\" does not exist","timestamp":"2025-04-01T06:47:10.645Z"}
{"level":"error","message":"Updating billing record failed: column \"taxonomy\" does not exist","timestamp":"2025-04-01T06:47:10.645Z"}
{"level":"error","message":"Error in deleteBilling: column \"taxonomy\" does not exist","timestamp":"2025-04-01T06:47:24.860Z"}
{"level":"error","message":"Deleting billing record failed: column \"taxonomy\" does not exist","timestamp":"2025-04-01T06:47:24.860Z"}
{"level":"error","message":"Error in createBilling: column \"taxonomy\" does not exist","timestamp":"2025-04-01T06:48:54.230Z"}
{"level":"error","message":"Billing creation failed: column \"taxonomy\" does not exist","timestamp":"2025-04-01T06:48:54.231Z"}
{"level":"error","message":"Error in createBilling: column \"taxonomy\" does not exist","timestamp":"2025-04-01T06:52:13.257Z"}
{"level":"error","message":"Billing creation failed: column \"taxonomy\" does not exist","timestamp":"2025-04-01T06:52:13.257Z"}
{"level":"error","message":"Error in createBilling: Provider not found","timestamp":"2025-04-01T06:57:51.453Z"}
{"level":"error","message":"Billing creation failed: Provider not found","timestamp":"2025-04-01T06:57:51.453Z"}
{"level":"error","message":"Sending failure notification failed: notificationService.sendFailureNotification is not a function","timestamp":"2025-04-01T07:00:14.712Z"}
{"level":"error","message":"Sending failure notification failed: notificationService.sendFailureNotification is not a function","timestamp":"2025-04-01T07:01:18.353Z"}
{"level":"error","message":"Sending failure notification failed: notificationService.sendFailureNotification is not a function","timestamp":"2025-04-01T07:03:36.671Z"}
{"level":"error","message":"Sending failure notification failed: notificationService.sendFailureNotification is not a function","timestamp":"2025-04-01T07:03:51.304Z"}
{"level":"error","message":"Sending failure notification failed: notificationService.sendFailureNotification is not a function","timestamp":"2025-04-01T07:03:58.535Z"}
{"level":"error","message":"Error sending system notification: sendEmailNotification is not a function","timestamp":"2025-04-01T07:05:48.050Z"}
{"level":"error","message":"Sending failure notification failed: sendEmailNotification is not a function","timestamp":"2025-04-01T07:05:48.051Z"}
{"level":"error","message":"Error sending system notification: sendEmailNotification is not a function","timestamp":"2025-04-01T07:06:00.839Z"}
{"level":"error","message":"Sending failure notification failed: sendEmailNotification is not a function","timestamp":"2025-04-01T07:06:00.840Z"}
{"level":"error","message":"Error fetching notification ID 1: Notification not found","timestamp":"2025-04-01T07:09:01.555Z"}
{"level":"error","message":"Fetching notification ID 1 failed: Notification not found","timestamp":"2025-04-01T07:09:01.555Z"}
{"level":"error","message":"Error deleting notification ID 3: Notification not found","timestamp":"2025-04-01T07:10:21.330Z"}
{"level":"error","message":"Deleting notification ID 3 failed: Notification not found","timestamp":"2025-04-01T07:10:21.331Z"}
{"level":"error","message":"❌ Error sending email to akhilchandps@gmail.com: connect EHOSTUNREACH 172.253.118.108:465","timestamp":"2025-04-01T07:28:22.901Z"}
{"level":"error","message":"❌ Error sending email to akhilchandps@gmail.com: connect ENETUNREACH 172.253.118.108:465 - Local (0.0.0.0:0)","timestamp":"2025-04-01T07:28:33.378Z"}
{"level":"error","message":"❌ Error sending email to akhilchandps@gmail.com: getaddrinfo EAI_AGAIN smtp.gmail.com","timestamp":"2025-04-01T07:29:42.101Z"}
{"level":"error","message":"❌ Error sending email to akhilchandps@gmail.com: getaddrinfo EAI_AGAIN smtp.gmail.com","timestamp":"2025-04-01T07:30:06.922Z"}
